<?xml version="1.0" encoding="UTF-8"?>
<testng-results ignored="0" total="1" passed="1" failed="0" skipped="0">
  <reporter-output>
  </reporter-output>
  <suite started-at="2022-10-06T17:28:36 EDT" name="Suite" finished-at="2022-10-06T17:28:51 EDT" duration-ms="15146">
    <groups>
    </groups>
    <test started-at="2022-10-06T17:28:36 EDT" name="Test" finished-at="2022-10-06T17:28:51 EDT" duration-ms="15146">
      <class name="testLayer.WindowHandle">
        <test-method is-config="true" signature="preSetup()[pri:0, instance:testLayer.WindowHandle@35d019a3]" started-at="2022-10-06T17:28:36 EDT" name="preSetup" finished-at="2022-10-06T17:28:40 EDT" duration-ms="4744" status="PASS">
          <reporter-output>
          </reporter-output>
        </test-method> <!-- preSetup -->
        <test-method signature="windowHANDLE1()[pri:0, instance:testLayer.WindowHandle@35d019a3]" started-at="2022-10-06T17:28:40 EDT" name="windowHANDLE1" finished-at="2022-10-06T17:28:50 EDT" duration-ms="9814" status="PASS">
          <reporter-output>
          </reporter-output>
        </test-method> <!-- windowHANDLE1 -->
        <test-method is-config="true" signature="closeBrowser()[pri:0, instance:testLayer.WindowHandle@35d019a3]" started-at="2022-10-06T17:28:50 EDT" name="closeBrowser" finished-at="2022-10-06T17:28:51 EDT" duration-ms="546" status="PASS">
          <reporter-output>
          </reporter-output>
        </test-method> <!-- closeBrowser -->
      </class> <!-- testLayer.WindowHandle -->
    </test> <!-- Test -->
  </suite> <!-- Suite -->
</testng-results>
